<?xml version="1.0" encoding="UTF-8"?>
<!-- Generated by org.testng.reporters.JUnitReportReporter -->
<testsuite hostname="DESKTOP-GJ7DHM8" failures="0" tests="5" name="test2.Teask" time="111.830" errors="0" timestamp="2022-04-08T10:21:25 IST" skipped="0">
  <testcase classname="test2.Teask" name="Task2" time="15.442"/>
  <system-out/>
  <testcase classname="test2.Teask" name="Task1" time="30.768"/>
  <system-out/>
  <testcase classname="test2.Teask" name="Task3" time="25.110"/>
  <system-out/>
  <testcase classname="test2.Teask" name="Task5" time="25.226"/>
  <system-out/>
  <testcase classname="test2.Teask" name="Task4" time="15.284"/>
  <system-out/>
</testsuite> <!-- test2.Teask -->
