<?xml version="1.0" encoding="UTF-8"?>
<!-- Generated by org.testng.reporters.JUnitReportReporter -->
<testsuite hostname="DESKTOP-GJ7DHM8" failures="0" tests="3" name="test2.Apitest" time="1.829" errors="0" timestamp="2022-04-07T18:00:59 IST" skipped="1">
  <testcase classname="test2.Apitest" name="Task1" time="0.073"/>
  <system-out/>
  <testcase classname="test2.Apitest" name="Task3" time="1.756"/>
  <system-out/>
  <testcase classname="test2.Apitest" name="Task4">
    <skipped/>
  </testcase> <!-- Task4 -->
  <system-out/>
</testsuite> <!-- test2.Apitest -->
